<?xml version="1.0" encoding="UTF-8"?>
<testng-results skipped="0" failed="0" ignored="0" total="1" passed="1">
  <reporter-output>
  </reporter-output>
  <suite name="Suite" duration-ms="16694" started-at="2021-09-30T07:01:02Z" finished-at="2021-09-30T07:01:18Z">
    <groups>
    </groups>
    <test name="Test" duration-ms="16694" started-at="2021-09-30T07:01:02Z" finished-at="2021-09-30T07:01:18Z">
      <class name="testCases.LoginTestCase">
        <test-method status="PASS" signature="stratUp()[pri:0, instance:testCases.LoginTestCase@7668d560]" name="stratUp" is-config="true" duration-ms="10396" started-at="2021-09-30T07:01:02Z" finished-at="2021-09-30T07:01:12Z">
          <reporter-output>
          </reporter-output>
        </test-method> <!-- stratUp -->
        <test-method status="PASS" signature="login()[pri:0, instance:testCases.LoginTestCase@7668d560]" name="login" duration-ms="5192" started-at="2021-09-30T07:01:12Z" finished-at="2021-09-30T07:01:17Z">
          <reporter-output>
          </reporter-output>
        </test-method> <!-- login -->
        <test-method status="PASS" signature="close()[pri:0, instance:testCases.LoginTestCase@7668d560]" name="close" is-config="true" duration-ms="746" started-at="2021-09-30T07:01:18Z" finished-at="2021-09-30T07:01:18Z">
          <reporter-output>
          </reporter-output>
        </test-method> <!-- close -->
      </class> <!-- testCases.LoginTestCase -->
    </test> <!-- Test -->
  </suite> <!-- Suite -->
</testng-results>
